<?xml version="1.0" encoding="UTF-8"?>
<!-- Generated by org.testng.reporters.JUnitXMLReporter -->
<testsuite hostname="DESKTOP-2O6RHPG" ignored="0" name="FORegistrationYasasiiWeb" tests="1" failures="1" timestamp="2021-01-04T14:58:07 IST" time="12.752" errors="0">
  <testcase name="addCustomer" time="0.0" classname="pagesTestCasesYasasiiWeb.FORegistrationTestCasesYasasiiWeb">
    <failure type="org.testng.TestNGException" message="
Data Provider public java.lang.Object[][] pagesTestCasesYasasiiWeb.FORegistrationTestCasesYasasiiWeb.getData() throws java.lang.Exception returned a null value">
      <![CDATA[org.testng.TestNGException: 
Data Provider public java.lang.Object[][] pagesTestCasesYasasiiWeb.FORegistrationTestCasesYasasiiWeb.getData() throws java.lang.Exception returned a null value
at java.util.ArrayList.forEach(Unknown Source)
... Removed 24 stack frames]]>
    </failure>
  </testcase> <!-- addCustomer -->
</testsuite> <!-- FORegistrationYasasiiWeb -->
