<?xml version="1.0" encoding="UTF-8"?>
<!-- Generated by org.testng.reporters.JUnitXMLReporter -->
<testsuite hostname="DESKTOP-2O6RHPG" ignored="0" name="FORegistrationYasasiiWeb" tests="3" failures="1" timestamp="2021-01-04T15:53:46 IST" time="26.963" errors="0">
  <testcase name="addCustomer" time="6.737" classname="pagesTestCasesYasasiiWeb.FORegTestCasesYW"/>
  <testcase name="addCustomer" time="3.328" classname="pagesTestCasesYasasiiWeb.FORegTestCasesYW">
    <failure type="java.lang.AssertionError" message="expected [true] but found [false]">
      <![CDATA[java.lang.AssertionError: expected [true] but found [false]
at pagesTestCasesYasasiiWeb.FORegTestCasesYW.addCustomer(FORegTestCasesYW.java:36)
at java.util.ArrayList.forEach(Unknown Source)
... Removed 31 stack frames]]>
    </failure>
  </testcase> <!-- addCustomer -->
  <testcase name="addCustomer" time="6.394" classname="pagesTestCasesYasasiiWeb.FORegTestCasesYW"/>
</testsuite> <!-- FORegistrationYasasiiWeb -->
